<?xml version="1.0" encoding="UTF-8"?>
<!-- Generated by org.testng.reporters.JUnitReportReporter -->
<testsuite ignored="0" hostname="DESKTOP-PKVUR1S" failures="0" tests="1" name="test.CreatePageTest" time="4.056" errors="0" timestamp="26 Sep 2023 06:45:46 GMT" skipped="0">
  <testcase classname="test.CreatePageTest" name="CreateTest" time="4.056"/>
</testsuite> <!-- test.CreatePageTest -->
