<?xml version="1.0" encoding="UTF-8"?>
<!-- Generated by org.testng.reporters.JUnitReportReporter -->
<testsuite ignored="0" hostname="DESKTOP-PKVUR1S" failures="0" tests="1" name="test.HomePageTest" time="0.093" errors="0" timestamp="14 Sep 2023 17:15:23 GMT" skipped="0">
  <testcase classname="test.HomePageTest" name="HomeTest" time="0.093"/>
</testsuite> <!-- test.HomePageTest -->
